<?xml version="1.0" encoding="UTF-8"?>
<!-- Generated by org.testng.reporters.JUnitReportReporter -->
<testsuite hostname="LAPTOP-KLTV3TNG" failures="0" tests="1" name="testCases.TC_01_CreateNew_Acct" time="10.254" errors="0" timestamp="2024-01-31T21:57:28 IST" skipped="0">
  <testcase classname="testCases.TC_01_CreateNew_Acct" name="CreateAccount" time="10.254"/>
  <system-out/>
</testsuite> <!-- testCases.TC_01_CreateNew_Acct -->
